GROUP,PACKAGE,CLASS,INSTRUCTION_MISSED,INSTRUCTION_COVERED,BRANCH_MISSED,BRANCH_COVERED,LINE_MISSED,LINE_COVERED,COMPLEXITY_MISSED,COMPLEXITY_COVERED,METHOD_MISSED,METHOD_COVERED
prolobjectlink-jpi-jpl-swi,io.github.prolobjectlink.prolog.jpl.swi,SwiPrologEngine,242,0,6,0,29,0,9,0,6,0
prolobjectlink-jpi-jpl-swi,io.github.prolobjectlink.prolog.jpl.swi,SwiPrologConverter,8,0,0,0,2,0,2,0,2,0
prolobjectlink-jpi-jpl-swi,io.github.prolobjectlink.prolog.jpl.swi,SwiPrologConsole,12,0,0,0,4,0,2,0,2,0
prolobjectlink-jpi-jpl-swi,io.github.prolobjectlink.prolog.jpl.swi,SwiPrologScriptFactory,7,0,0,0,2,0,1,0,1,0
prolobjectlink-jpi-jpl-swi,io.github.prolobjectlink.prolog.jpl.swi,SwiProlog,39,0,0,0,10,0,6,0,6,0
prolobjectlink-jpi-jpl-swi,io.github.prolobjectlink.prolog.jpl.swi,SwiPrologJavaConverter,0,4,0,0,0,2,0,1,0,1
